<?xml version="1.0" encoding="UTF-8"?>
<!-- Generated by org.testng.reporters.JUnitXMLReporter -->
<testsuite ignored="0" hostname="Uffffffffffoooooooooooo" failures="0" tests="3" name="Suraj_Test" time="43.669" errors="0" timestamp="2024-09-08T11:37:16 IST">
  <testcase classname="testCases.TC01_Account_RegistrationTest" name="Account_registration" time="4.252"/>
  <testcase classname="testCases.TC02_LoginPage" name="logintest" time="3.791"/>
  <testcase classname="testCases.TC03_LoginDPT" name="Login_DAtadrivenTest" time="11.676"/>
</testsuite> <!-- Suraj_Test -->
