<?xml version="1.0" encoding="UTF-8"?>
<!-- Generated by org.testng.reporters.JUnitXMLReporter -->
<testsuite ignored="2" hostname="Uffffffffffoooooooooooo" failures="0" tests="1" name="Suraj_Test" time="91.384" errors="0" timestamp="2024-08-27T15:36:08 IST">
  <testcase classname="testCases.TC03_LoginDPT" name="Login_DAtadrivenTest" time="9.735"/>
  <testcase classname="testCases.TC02_LoginPage" name="logintest" time="0.0">
    <ignored/>
  </testcase> <!-- logintest -->
  <testcase classname="testCases.TC01_Account_RegistrationTest" name="Account_registration" time="0.0">
    <ignored/>
  </testcase> <!-- Account_registration -->
</testsuite> <!-- Suraj_Test -->
