<?xml version="1.0" encoding="UTF-8"?>
<testng-results ignored="0" total="0" passed="0" failed="0" skipped="0">
  <reporter-output>
  </reporter-output>
  <suite started-at="2024-09-07T21:27:26 IST" name="Suite" finished-at="2024-09-07T21:27:26 IST" duration-ms="0">
    <groups>
      <group name="Master">
        <method signature="TC01_Account_RegistrationTest.Account_registration()[pri:0, instance:testCases.TC01_Account_RegistrationTest@2dd29a59]" name="Account_registration" class="testCases.TC01_Account_RegistrationTest"/>
        <method signature="TC02_LoginPage.logintest()[pri:0, instance:testCases.TC02_LoginPage@40dff0b7]" name="logintest" class="testCases.TC02_LoginPage"/>
        <method signature="TC01_Account_RegistrationTest.Account_registration()[pri:0, instance:testCases.TC01_Account_RegistrationTest@20b12f8a]" name="Account_registration" class="testCases.TC01_Account_RegistrationTest"/>
        <method signature="TC02_LoginPage.logintest()[pri:0, instance:testCases.TC02_LoginPage@e84a8e1]" name="logintest" class="testCases.TC02_LoginPage"/>
        <method signature="TC01_Account_RegistrationTest.Account_registration()[pri:0, instance:testCases.TC01_Account_RegistrationTest@7d42c224]" name="Account_registration" class="testCases.TC01_Account_RegistrationTest"/>
        <method signature="TC02_LoginPage.logintest()[pri:0, instance:testCases.TC02_LoginPage@56aaaecd]" name="logintest" class="testCases.TC02_LoginPage"/>
      </group> <!-- Master -->
      <group name="Sanity">
        <method signature="TC02_LoginPage.logintest()[pri:0, instance:testCases.TC02_LoginPage@40dff0b7]" name="logintest" class="testCases.TC02_LoginPage"/>
        <method signature="TC02_LoginPage.logintest()[pri:0, instance:testCases.TC02_LoginPage@e84a8e1]" name="logintest" class="testCases.TC02_LoginPage"/>
        <method signature="TC02_LoginPage.logintest()[pri:0, instance:testCases.TC02_LoginPage@56aaaecd]" name="logintest" class="testCases.TC02_LoginPage"/>
      </group> <!-- Sanity -->
      <group name="DataDriven">
        <method signature="TC03_LoginDPT.Login_DAtadrivenTest(java.lang.String,java.lang.String,java.lang.String)[pri:0, instance:testCases.TC03_LoginDPT@7966baa7]" name="Login_DAtadrivenTest" class="testCases.TC03_LoginDPT"/>
        <method signature="TC03_LoginDPT.Login_DAtadrivenTest(java.lang.String,java.lang.String,java.lang.String)[pri:0, instance:testCases.TC03_LoginDPT@2e554a3b]" name="Login_DAtadrivenTest" class="testCases.TC03_LoginDPT"/>
        <method signature="TC03_LoginDPT.Login_DAtadrivenTest(java.lang.String,java.lang.String,java.lang.String)[pri:0, instance:testCases.TC03_LoginDPT@522a32b1]" name="Login_DAtadrivenTest" class="testCases.TC03_LoginDPT"/>
      </group> <!-- DataDriven -->
      <group name="Regression">
        <method signature="TC01_Account_RegistrationTest.Account_registration()[pri:0, instance:testCases.TC01_Account_RegistrationTest@2dd29a59]" name="Account_registration" class="testCases.TC01_Account_RegistrationTest"/>
        <method signature="TC01_Account_RegistrationTest.Account_registration()[pri:0, instance:testCases.TC01_Account_RegistrationTest@20b12f8a]" name="Account_registration" class="testCases.TC01_Account_RegistrationTest"/>
        <method signature="TC01_Account_RegistrationTest.Account_registration()[pri:0, instance:testCases.TC01_Account_RegistrationTest@7d42c224]" name="Account_registration" class="testCases.TC01_Account_RegistrationTest"/>
      </group> <!-- Regression -->
    </groups>
  </suite> <!-- Suite -->
</testng-results>
