<?xml version="1.0" encoding="UTF-8"?>
<testsuite xmlns:xsi="http://www.w3.org/2001/XMLSchema-instance" xsi:noNamespaceSchemaLocation="https://maven.apache.org/surefire/maven-surefire-plugin/xsd/surefire-test-report.xsd" version="3.0.2" name="TestSuite" time="33.479" tests="2" errors="0" skipped="0" failures="1">
  <properties>
[...]
</properties>
  <testcase name="Account_registration" classname="testCases.TC01_Account_RegistrationTest" time="2.695">
    <system-out><![CDATA[21:26:53.393 [main] DEBUG org.testng.TestNG - suiteXmlPath: "D:\Frameworks\NopCommerce1.0\ParallelTesting.xml"
21:26:53.621 [main] TRACE org.testng.internal.Graph - [Graph] ADDING NODE BaseClass.setup(java.lang.String,java.lang.String)[pri:0, instance:null] -1422203584
21:26:53.621 [main] TRACE org.testng.internal.Graph - [Graph] ================ SORTING
21:26:53.621 [main] TRACE org.testng.internal.Graph - [Graph] =============== DONE SORTING
21:26:53.621 [main] TRACE org.testng.internal.Graph - [Graph] ====== SORTED NODES
21:26:53.621 [main] TRACE org.testng.internal.Graph - [Graph] ====== END SORTED NODES
21:26:53.621 [main] TRACE org.testng.internal.Graph - [Graph] ADDING NODE BaseClass.teardown()[pri:0, instance:null] 828881271
21:26:53.621 [main] TRACE org.testng.internal.Graph - [Graph] ================ SORTING
21:26:53.621 [main] TRACE org.testng.internal.Graph - [Graph] =============== DONE SORTING
21:26:53.621 [main] TRACE org.testng.internal.Graph - [Graph] ====== SORTED NODES
21:26:53.621 [main] TRACE org.testng.internal.Graph - [Graph] ====== END SORTED NODES
21:26:53.637 [main] TRACE org.testng.internal.Graph - [Graph] ADDING NODE BaseClass.setup(java.lang.String,java.lang.String)[pri:0, instance:null] -1422203584
21:26:53.637 [main] TRACE org.testng.internal.Graph - [Graph] ================ SORTING
21:26:53.637 [main] TRACE org.testng.internal.Graph - [Graph] =============== DONE SORTING
21:26:53.637 [main] TRACE org.testng.internal.Graph - [Graph] ====== SORTED NODES
21:26:53.637 [main] TRACE org.testng.internal.Graph - [Graph] ====== END SORTED NODES
21:26:53.637 [main] TRACE org.testng.internal.Graph - [Graph] ADDING NODE BaseClass.teardown()[pri:0, instance:null] 828881271
21:26:53.637 [main] TRACE org.testng.internal.Graph - [Graph] ================ SORTING
21:26:53.637 [main] TRACE org.testng.internal.Graph - [Graph] =============== DONE SORTING
21:26:53.637 [main] TRACE org.testng.internal.Graph - [Graph] ====== SORTED NODES
21:26:53.637 [main] TRACE org.testng.internal.Graph - [Graph] ====== END SORTED NODES
21:26:53.637 [main] TRACE org.testng.internal.Graph - [Graph] ADDING NODE BaseClass.setup(java.lang.String,java.lang.String)[pri:0, instance:null] -1422203584
21:26:53.637 [main] TRACE org.testng.internal.Graph - [Graph] ================ SORTING
21:26:53.637 [main] TRACE org.testng.internal.Graph - [Graph] =============== DONE SORTING
21:26:53.637 [main] TRACE org.testng.internal.Graph - [Graph] ====== SORTED NODES
21:26:53.637 [main] TRACE org.testng.internal.Graph - [Graph] ====== END SORTED NODES
21:26:53.637 [main] TRACE org.testng.internal.Graph - [Graph] ADDING NODE BaseClass.teardown()[pri:0, instance:null] 828881271
21:26:53.637 [main] TRACE org.testng.internal.Graph - [Graph] ================ SORTING
21:26:53.637 [main] TRACE org.testng.internal.Graph - [Graph] =============== DONE SORTING
21:26:53.637 [main] TRACE org.testng.internal.Graph - [Graph] ====== SORTED NODES
21:26:53.637 [main] TRACE org.testng.internal.Graph - [Graph] ====== END SORTED NODES
21:26:53.651 [main] TRACE org.testng.internal.Graph - [Graph] ADDING NODE TC01_Account_RegistrationTest.Account_registration()[pri:0, instance:testCases.TC01_Account_RegistrationTest@2dd29a59] 324633270
21:26:53.651 [main] TRACE org.testng.internal.Graph - [Graph] ADDING NODE TC02_LoginPage.logintest()[pri:0, instance:testCases.TC02_LoginPage@40dff0b7] 1733086620
21:26:53.651 [main] TRACE org.testng.internal.Graph - [Graph] ADDING NODE TC03_LoginDPT.Login_DAtadrivenTest(java.lang.String,java.lang.String,java.lang.String)[pri:0, instance:testCases.TC03_LoginDPT@7966baa7] -1015727057
21:26:53.651 [main] TRACE org.testng.internal.Graph - [Graph] ================ SORTING
21:26:53.651 [main] TRACE org.testng.internal.Graph - [Graph] =============== DONE SORTING
21:26:53.651 [main] TRACE org.testng.internal.Graph - [Graph] ====== SORTED NODES
21:26:53.651 [main] TRACE org.testng.internal.Graph - [Graph] ====== END SORTED NODES
21:26:53.689 [main] TRACE org.testng.internal.Graph - [Graph] ADDING NODE BaseClass.setup(java.lang.String,java.lang.String)[pri:0, instance:null] -1422203584
21:26:53.689 [main] TRACE org.testng.internal.Graph - [Graph] ================ SORTING
21:26:53.689 [main] TRACE org.testng.internal.Graph - [Graph] =============== DONE SORTING
21:26:53.689 [main] TRACE org.testng.internal.Graph - [Graph] ====== SORTED NODES
21:26:53.689 [main] TRACE org.testng.internal.Graph - [Graph] ====== END SORTED NODES
21:26:53.689 [main] TRACE org.testng.internal.Graph - [Graph] ADDING NODE BaseClass.teardown()[pri:0, instance:null] 828881271
21:26:53.689 [main] TRACE org.testng.internal.Graph - [Graph] ================ SORTING
21:26:53.689 [main] TRACE org.testng.internal.Graph - [Graph] =============== DONE SORTING
21:26:53.689 [main] TRACE org.testng.internal.Graph - [Graph] ====== SORTED NODES
21:26:53.689 [main] TRACE org.testng.internal.Graph - [Graph] ====== END SORTED NODES
21:26:53.696 [main] TRACE org.testng.internal.Graph - [Graph] ADDING NODE BaseClass.setup(java.lang.String,java.lang.String)[pri:0, instance:null] -1422203584
21:26:53.696 [main] TRACE org.testng.internal.Graph - [Graph] ================ SORTING
21:26:53.696 [main] TRACE org.testng.internal.Graph - [Graph] =============== DONE SORTING
21:26:53.696 [main] TRACE org.testng.internal.Graph - [Graph] ====== SORTED NODES
21:26:53.696 [main] TRACE org.testng.internal.Graph - [Graph] ====== END SORTED NODES
21:26:53.696 [main] TRACE org.testng.internal.Graph - [Graph] ADDING NODE BaseClass.teardown()[pri:0, instance:null] 828881271
21:26:53.696 [main] TRACE org.testng.internal.Graph - [Graph] ================ SORTING
21:26:53.696 [main] TRACE org.testng.internal.Graph - [Graph] =============== DONE SORTING
21:26:53.696 [main] TRACE org.testng.internal.Graph - [Graph] ====== SORTED NODES
21:26:53.696 [main] TRACE org.testng.internal.Graph - [Graph] ====== END SORTED NODES
21:26:53.705 [main] TRACE org.testng.internal.Graph - [Graph] ADDING NODE BaseClass.setup(java.lang.String,java.lang.String)[pri:0, instance:null] -1422203584
21:26:53.705 [main] TRACE org.testng.internal.Graph - [Graph] ================ SORTING
21:26:53.705 [main] TRACE org.testng.internal.Graph - [Graph] =============== DONE SORTING
21:26:53.705 [main] TRACE org.testng.internal.Graph - [Graph] ====== SORTED NODES
21:26:53.705 [main] TRACE org.testng.internal.Graph - [Graph] ====== END SORTED NODES
21:26:53.708 [main] TRACE org.testng.internal.Graph - [Graph] ADDING NODE BaseClass.teardown()[pri:0, instance:null] 828881271
21:26:53.708 [main] TRACE org.testng.internal.Graph - [Graph] ================ SORTING
21:26:53.708 [main] TRACE org.testng.internal.Graph - [Graph] =============== DONE SORTING
21:26:53.708 [main] TRACE org.testng.internal.Graph - [Graph] ====== SORTED NODES
21:26:53.708 [main] TRACE org.testng.internal.Graph - [Graph] ====== END SORTED NODES
21:26:53.710 [main] TRACE org.testng.internal.Graph - [Graph] ADDING NODE TC01_Account_RegistrationTest.Account_registration()[pri:0, instance:testCases.TC01_Account_RegistrationTest@20b12f8a] 104339431
21:26:53.710 [main] TRACE org.testng.internal.Graph - [Graph] ADDING NODE TC02_LoginPage.logintest()[pri:0, instance:testCases.TC02_LoginPage@e84a8e1] 888243654
21:26:53.710 [main] TRACE org.testng.internal.Graph - [Graph] ADDING NODE TC03_LoginDPT.Login_DAtadrivenTest(java.lang.String,java.lang.String,java.lang.String)[pri:0, instance:testCases.TC03_LoginDPT@2e554a3b] 2019806147
21:26:53.713 [main] TRACE org.testng.internal.Graph - [Graph] ================ SORTING
21:26:53.713 [main] TRACE org.testng.internal.Graph - [Graph] =============== DONE SORTING
21:26:53.713 [main] TRACE org.testng.internal.Graph - [Graph] ====== SORTED NODES
21:26:53.713 [main] TRACE org.testng.internal.Graph - [Graph] ====== END SORTED NODES
21:26:53.714 [main] TRACE org.testng.internal.Graph - [Graph] ADDING NODE BaseClass.setup(java.lang.String,java.lang.String)[pri:0, instance:null] -1422203584
21:26:53.714 [main] TRACE org.testng.internal.Graph - [Graph] ================ SORTING
21:26:53.714 [main] TRACE org.testng.internal.Graph - [Graph] =============== DONE SORTING
21:26:53.714 [main] TRACE org.testng.internal.Graph - [Graph] ====== SORTED NODES
21:26:53.714 [main] TRACE org.testng.internal.Graph - [Graph] ====== END SORTED NODES
21:26:53.714 [main] TRACE org.testng.internal.Graph - [Graph] ADDING NODE BaseClass.teardown()[pri:0, instance:null] 828881271
21:26:53.723 [main] TRACE org.testng.internal.Graph - [Graph] ================ SORTING
21:26:53.723 [main] TRACE org.testng.internal.Graph - [Graph] =============== DONE SORTING
21:26:53.723 [main] TRACE org.testng.internal.Graph - [Graph] ====== SORTED NODES
21:26:53.723 [main] TRACE org.testng.internal.Graph - [Graph] ====== END SORTED NODES
21:26:53.730 [main] TRACE org.testng.internal.Graph - [Graph] ADDING NODE BaseClass.setup(java.lang.String,java.lang.String)[pri:0, instance:null] -1422203584
21:26:53.730 [main] TRACE org.testng.internal.Graph - [Graph] ================ SORTING
21:26:53.730 [main] TRACE org.testng.internal.Graph - [Graph] =============== DONE SORTING
21:26:53.730 [main] TRACE org.testng.internal.Graph - [Graph] ====== SORTED NODES
21:26:53.730 [main] TRACE org.testng.internal.Graph - [Graph] ====== END SORTED NODES
21:26:53.730 [main] TRACE org.testng.internal.Graph - [Graph] ADDING NODE BaseClass.teardown()[pri:0, instance:null] 828881271
21:26:53.730 [main] TRACE org.testng.internal.Graph - [Graph] ================ SORTING
21:26:53.730 [main] TRACE org.testng.internal.Graph - [Graph] =============== DONE SORTING
21:26:53.730 [main] TRACE org.testng.internal.Graph - [Graph] ====== SORTED NODES
21:26:53.730 [main] TRACE org.testng.internal.Graph - [Graph] ====== END SORTED NODES
21:26:53.730 [main] TRACE org.testng.internal.Graph - [Graph] ADDING NODE BaseClass.setup(java.lang.String,java.lang.String)[pri:0, instance:null] -1422203584
21:26:53.730 [main] TRACE org.testng.internal.Graph - [Graph] ================ SORTING
21:26:53.730 [main] TRACE org.testng.internal.Graph - [Graph] =============== DONE SORTING
21:26:53.730 [main] TRACE org.testng.internal.Graph - [Graph] ====== SORTED NODES
21:26:53.730 [main] TRACE org.testng.internal.Graph - [Graph] ====== END SORTED NODES
21:26:53.742 [main] TRACE org.testng.internal.Graph - [Graph] ADDING NODE BaseClass.teardown()[pri:0, instance:null] 828881271
21:26:53.742 [main] TRACE org.testng.internal.Graph - [Graph] ================ SORTING
21:26:53.742 [main] TRACE org.testng.internal.Graph - [Graph] =============== DONE SORTING
21:26:53.742 [main] TRACE org.testng.internal.Graph - [Graph] ====== SORTED NODES
21:26:53.742 [main] TRACE org.testng.internal.Graph - [Graph] ====== END SORTED NODES
21:26:53.752 [main] TRACE org.testng.internal.Graph - [Graph] ADDING NODE TC01_Account_RegistrationTest.Account_registration()[pri:0, instance:testCases.TC01_Account_RegistrationTest@7d42c224] 1657383553
21:26:53.752 [main] TRACE org.testng.internal.Graph - [Graph] ADDING NODE TC02_LoginPage.logintest()[pri:0, instance:testCases.TC02_LoginPage@56aaaecd] 2098695090
21:26:53.752 [main] TRACE org.testng.internal.Graph - [Graph] ADDING NODE TC03_LoginDPT.Login_DAtadrivenTest(java.lang.String,java.lang.String,java.lang.String)[pri:0, instance:testCases.TC03_LoginDPT@522a32b1] -1674005447
21:26:53.752 [main] TRACE org.testng.internal.Graph - [Graph] ================ SORTING
21:26:53.758 [main] TRACE org.testng.internal.Graph - [Graph] =============== DONE SORTING
21:26:53.758 [main] TRACE org.testng.internal.Graph - [Graph] ====== SORTED NODES
21:26:53.758 [main] TRACE org.testng.internal.Graph - [Graph] ====== END SORTED NODES
21:26:59.521 [TestNG-tests-1] INFO  testCases.TC01_Account_RegistrationTest - *********TC01_Account_RegistrationTest TEsting started*******
21:26:59.521 [TestNG-tests-1] INFO  testCases.TC01_Account_RegistrationTest - Creating the homepage object
21:26:59.521 [TestNG-tests-2] INFO  testCases.TC01_Account_RegistrationTest - *********TC01_Account_RegistrationTest TEsting started*******
21:26:59.521 [TestNG-tests-2] INFO  testCases.TC01_Account_RegistrationTest - Creating the homepage object
21:27:00.585 [TestNG-tests-1] INFO  testCases.TC01_Account_RegistrationTest - clicked on Myaccont Link
21:27:01.628 [TestNG-tests-2] INFO  testCases.TC01_Account_RegistrationTest - clicked on Myaccont Link
21:27:05.106 [TestNG-tests-3] INFO  testCases.TC01_Account_RegistrationTest - *********TC01_Account_RegistrationTest TEsting started*******
21:27:05.106 [TestNG-tests-3] INFO  testCases.TC01_Account_RegistrationTest - Creating the homepage object
21:27:05.443 [TestNG-tests-3] INFO  testCases.TC01_Account_RegistrationTest - clicked on Myaccont Link
21:27:06.448 [TestNG-tests-3] INFO  testCases.TC01_Account_RegistrationTest - clicked on Registeration link
21:27:06.448 [TestNG-tests-3] INFO  testCases.TC01_Account_RegistrationTest - providing registration details
21:27:07.768 [TestNG-tests-3] INFO  testCases.TC01_Account_RegistrationTest - Test finished
]]></system-out>
    <system-err><![CDATA[Sept 07, 2024 9:26:55 PM org.openqa.selenium.devtools.CdpVersionFinder findNearestMatch
WARNING: Unable to find an exact match for CDP version 128, returning the closest version; found: 127; Please update to a Selenium version that supports CDP version 128
Sept 07, 2024 9:26:57 PM org.openqa.selenium.devtools.CdpVersionFinder findNearestMatch
WARNING: Unable to find an exact match for CDP version 128, returning the closest version; found: 127; Please update to a Selenium version that supports CDP version 128
]]></system-err>
  </testcase>
  <testcase name="teardown" classname="testCases.TC02_LoginPage" time="1.598">
    <failure message="JdkWebSocket initial request execution error&#10;Build info: version: &apos;4.23.1&apos;, revision: &apos;656257d8e9&apos;&#10;System info: os.name: &apos;Windows 11&apos;, os.arch: &apos;amd64&apos;, os.version: &apos;10.0&apos;, java.version: &apos;21.0.4&apos;&#10;Driver info: driver.version: FirefoxDriver" type="org.openqa.selenium.remote.http.ConnectionFailedException"><![CDATA[org.openqa.selenium.remote.http.ConnectionFailedException: 
JdkWebSocket initial request execution error
Build info: version: '4.23.1', revision: '656257d8e9'
System info: os.name: 'Windows 11', os.arch: 'amd64', os.version: '10.0', java.version: '21.0.4'
Driver info: driver.version: FirefoxDriver
	at org.openqa.selenium.remote.http.jdk.JdkHttpClient.openSocket(JdkHttpClient.java:248)
	at org.openqa.selenium.devtools.Connection.<init>(Connection.java:89)
	at org.openqa.selenium.firefox.FirefoxDriver.maybeGetDevTools(FirefoxDriver.java:335)
	at org.openqa.selenium.remote.RemoteWebDriver.quit(RemoteWebDriver.java:439)
	at org.openqa.selenium.firefox.FirefoxDriver.quit(FirefoxDriver.java:397)
	at testBase.BaseClass.teardown(BaseClass.java:103)
	at java.base/jdk.internal.reflect.DirectMethodHandleAccessor.invoke(DirectMethodHandleAccessor.java:103)
	at java.base/java.lang.reflect.Method.invoke(Method.java:580)
	at org.testng.internal.invokers.MethodInvocationHelper.invokeMethod(MethodInvocationHelper.java:141)
	at org.testng.internal.invokers.MethodInvocationHelper.invokeMethodConsideringTimeout(MethodInvocationHelper.java:71)
	at org.testng.internal.invokers.ConfigInvoker.invokeConfigurationMethod(ConfigInvoker.java:400)
	at org.testng.internal.invokers.ConfigInvoker.invokeConfigurations(ConfigInvoker.java:333)
	at org.testng.internal.invokers.TestMethodWorker.invokeAfterClassConfigurations(TestMethodWorker.java:238)
	at org.testng.internal.invokers.TestMethodWorker.invokeAfterClassMethods(TestMethodWorker.java:223)
	at org.testng.internal.invokers.TestMethodWorker.run(TestMethodWorker.java:137)
	at java.base/java.util.ArrayList.forEach(ArrayList.java:1596)
	at org.testng.TestRunner.privateRun(TestRunner.java:739)
	at org.testng.TestRunner.run(TestRunner.java:614)
	at org.testng.SuiteRunner.runTest(SuiteRunner.java:421)
	at org.testng.SuiteRunner$SuiteWorker.run(SuiteRunner.java:463)
	at org.testng.internal.thread.ThreadUtil.lambda$execute$0(ThreadUtil.java:64)
	at java.base/java.util.concurrent.FutureTask.run(FutureTask.java:317)
	at java.base/java.util.concurrent.ThreadPoolExecutor.runWorker(ThreadPoolExecutor.java:1144)
	at java.base/java.util.concurrent.ThreadPoolExecutor$Worker.run(ThreadPoolExecutor.java:642)
	at java.base/java.lang.Thread.run(Thread.java:1583)
Caused by: java.net.ConnectException
	at java.net.http/jdk.internal.net.http.common.Utils.toConnectException(Utils.java:1028)
	at java.net.http/jdk.internal.net.http.PlainHttpConnection.connectAsync(PlainHttpConnection.java:227)
	at java.net.http/jdk.internal.net.http.PlainHttpConnection.checkRetryConnect(PlainHttpConnection.java:280)
	at java.net.http/jdk.internal.net.http.PlainHttpConnection.lambda$connectAsync$2(PlainHttpConnection.java:238)
	at java.base/java.util.concurrent.CompletableFuture.uniHandle(CompletableFuture.java:934)
	at java.base/java.util.concurrent.CompletableFuture$UniHandle.tryFire(CompletableFuture.java:911)
	at java.base/java.util.concurrent.CompletableFuture.postComplete(CompletableFuture.java:510)
	at java.base/java.util.concurrent.CompletableFuture$AsyncSupply.run(CompletableFuture.java:1773)
	... 3 more
Caused by: java.nio.channels.ClosedChannelException
	at java.base/sun.nio.ch.SocketChannelImpl.ensureOpen(SocketChannelImpl.java:202)
	at java.base/sun.nio.ch.SocketChannelImpl.beginConnect(SocketChannelImpl.java:786)
	at java.base/sun.nio.ch.SocketChannelImpl.connect(SocketChannelImpl.java:874)
	at java.net.http/jdk.internal.net.http.PlainHttpConnection.lambda$connectAsync$1(PlainHttpConnection.java:210)
	at java.base/java.security.AccessController.doPrivileged(AccessController.java:571)
	at java.net.http/jdk.internal.net.http.PlainHttpConnection.connectAsync(PlainHttpConnection.java:212)
	... 9 more
]]></failure>
    <system-out><![CDATA[21:27:17.744 [TestNG-tests-3] INFO  testCases.TC02_LoginPage - Test Starting
21:27:18.067 [TestNG-tests-3] INFO  testCases.TC02_LoginPage - clicking on login
21:27:18.602 [TestNG-tests-3] INFO  testCases.TC02_LoginPage - creating object of loginPage
]]></system-out>
  </testcase>
</testsuite>